<?xml version="1.0" encoding="UTF-8"?>
<!-- Generated by org.testng.reporters.JUnitReportReporter -->
<testsuite hostname="DESKTOP-BNIRTNQ" failures="0" tests="1" name="com.saucedemo.TestPack.TC02_VerifyLogOutFunctionality" time="11.340" errors="0" timestamp="2023-03-06T07:48:00 IST" skipped="0">
  <testcase classname="com.saucedemo.TestPack.TC02_VerifyLogOutFunctionality" name="verifyLogOutFunctionality" time="11.340"/>
  <system-out/>
</testsuite> <!-- com.saucedemo.TestPack.TC02_VerifyLogOutFunctionality -->
